# JRE version: OpenJDK Runtime Environment (22.0.1+8) (build 22.0.1+8-16)
# Java VM: OpenJDK 64-Bit Server VM (22.0.1+8-16, mixed mode, sharing, tiered, compressed oops, compressed class ptrs, g1 gc, linux-amd64)
GC Precious Log:
 CardTable entry size: 512
 Card Set container configuration: InlinePtr #cards 5 size 8 Array Of Cards #cards 12 size 40 Howl #buckets 4 coarsen threshold 1843 Howl Bitmap #cards 512 size 80 coarsen threshold 460 Card regions per heap region 1 cards per card region 2048
 CPUs: 4 total, 4 available
 Memory: 5851M
 Large Page Support: Disabled
 NUMA Support: Disabled
 Compressed Oops: Enabled (32-bit)
 Heap Region Size: 1M
 Heap Min Capacity: 8M
 Heap Initial Capacity: 92M
 Heap Max Capacity: 1464M
 Pre-touch: Disabled
 Parallel Workers: 4
 Concurrent Workers: 1
 Concurrent Refinement Workers: 4
 Periodic GC: Disabled
Heap:
 garbage-first heap   total reserved 1499136K, committed 61440K, used 23792K [0x00000000a4800000, 0x0000000100000000)
  region size 1024K, 10 young (10240K), 5 survivors (5120K)
 Metaspace       used 27870K, committed 28224K, reserved 1114112K
  class space    used 4020K, committed 4160K, reserved 1048576K
GC Heap History (10 events):
Event: 0.789 GC heap before
{Heap before GC invocations=0 (full 0):
 garbage-first heap   total reserved 1499136K, committed 96256K, used 15393K [0x00000000a4800000, 0x0000000100000000)
  region size 1024K, 14 young (14336K), 0 survivors (0K)
 Metaspace       used 4237K, committed 4480K, reserved 1114112K
  class space    used 435K, committed 576K, reserved 1048576K
}
Event: 0.795 GC heap after
{Heap after GC invocations=1 (full 0):
 garbage-first heap   total reserved 1499136K, committed 96256K, used 6629K [0x00000000a4800000, 0x0000000100000000)
  region size 1024K, 2 young (2048K), 2 survivors (2048K)
 Metaspace       used 4237K, committed 4480K, reserved 1114112K
  class space    used 435K, committed 576K, reserved 1048576K
}
Event: 1.269 GC heap before
{Heap before GC invocations=1 (full 0):
 garbage-first heap   total reserved 1499136K, committed 96256K, used 19941K [0x00000000a4800000, 0x0000000100000000)
  region size 1024K, 16 young (16384K), 2 survivors (2048K)
 Metaspace       used 10073K, committed 10304K, reserved 1114112K
  class space    used 1338K, committed 1472K, reserved 1048576K
}
Event: 1.277 GC heap after
{Heap after GC invocations=2 (full 0):
 garbage-first heap   total reserved 1499136K, committed 96256K, used 9556K [0x00000000a4800000, 0x0000000100000000)
  region size 1024K, 2 young (2048K), 2 survivors (2048K)
 Metaspace       used 10073K, committed 10304K, reserved 1114112K
  class space    used 1338K, committed 1472K, reserved 1048576K
}
Event: 6.159 GC heap before
{Heap before GC invocations=2 (full 0):
 garbage-first heap   total reserved 1499136K, committed 96256K, used 32084K [0x00000000a4800000, 0x0000000100000000)
  region size 1024K, 22 young (22528K), 2 survivors (2048K)
 Metaspace       used 17100K, committed 17408K, reserved 1114112K
  class space    used 2543K, committed 2688K, reserved 1048576K
}
Event: 6.166 GC heap after
{Heap after GC invocations=3 (full 0):
 garbage-first heap   total reserved 1499136K, committed 96256K, used 14597K [0x00000000a4800000, 0x0000000100000000)
  region size 1024K, 3 young (3072K), 3 survivors (3072K)
 Metaspace       used 17100K, committed 17408K, reserved 1114112K
  class space    used 2543K, committed 2688K, reserved 1048576K
}
Event: 6.337 GC heap before
{Heap before GC invocations=3 (full 0):
 garbage-first heap   total reserved 1499136K, committed 96256K, used 19717K [0x00000000a4800000, 0x0000000100000000)
  region size 1024K, 10 young (10240K), 3 survivors (3072K)
 Metaspace       used 21179K, committed 21504K, reserved 1114112K
  class space    used 3008K, committed 3200K, reserved 1048576K
}
Event: 6.341 GC heap after
{Heap after GC invocations=4 (full 0):
 garbage-first heap   total reserved 1499136K, committed 96256K, used 16319K [0x00000000a4800000, 0x0000000100000000)
  region size 1024K, 5 young (5120K), 5 survivors (5120K)
 Metaspace       used 21179K, committed 21504K, reserved 1114112K
  class space    used 3008K, committed 3200K, reserved 1048576K
}
Event: 7.230 GC heap before
{Heap before GC invocations=5 (full 0):
 garbage-first heap   total reserved 1499136K, committed 61440K, used 48063K [0x00000000a4800000, 0x0000000100000000)
  region size 1024K, 36 young (36864K), 5 survivors (5120K)
 Metaspace       used 27501K, committed 27904K, reserved 1114112K
  class space    used 3995K, committed 4160K, reserved 1048576K
}
Event: 7.241 GC heap after
{Heap after GC invocations=6 (full 0):
 garbage-first heap   total reserved 1499136K, committed 61440K, used 19696K [0x00000000a4800000, 0x0000000100000000)
  region size 1024K, 5 young (5120K), 5 survivors (5120K)
 Metaspace       used 27501K, committed 27904K, reserved 1114112K
  class space    used 3995K, committed 4160K, reserved 1048576K
}

